Traceback (most recent call last):
  File "/sc/arion/projects/bedsore_images/Datathon/codedependency/train_and_eval_immune.py", line 81, in <module>
    model_results = ml(model_list=model_list, models_and_params=models_and_params)
                    ^^^^^^^^^^^^^^^^^^^^^^^^^^^^^^^^^^^^^^^^^^^^^^^^^^^^^^^^^^^^^^
  File "/sc/arion/projects/bedsore_images/Datathon/codedependency/model_architecture.py", line 192, in __call__
    results = self.grid_pipeline(ML_algo=ML_algo, param_grid=params, is_xgb=is_xgb)
              ^^^^^^^^^^^^^^^^^^^^^^^^^^^^^^^^^^^^^^^^^^^^^^^^^^^^^^^^^^^^^^^^^^^^^
  File "/sc/arion/projects/bedsore_images/Datathon/codedependency/model_architecture.py", line 141, in grid_pipeline
    grid.fit(X_other, y_other)
  File "/hpc/users/parikr12/.conda/envs/pressureulcerstudy/lib/python3.11/site-packages/sklearn/base.py", line 1365, in wrapper
    return fit_method(estimator, *args, **kwargs)
           ^^^^^^^^^^^^^^^^^^^^^^^^^^^^^^^^^^^^^^
  File "/hpc/users/parikr12/.conda/envs/pressureulcerstudy/lib/python3.11/site-packages/sklearn/model_selection/_search.py", line 1051, in fit
    self._run_search(evaluate_candidates)
  File "/hpc/users/parikr12/.conda/envs/pressureulcerstudy/lib/python3.11/site-packages/sklearn/model_selection/_search.py", line 1605, in _run_search
    evaluate_candidates(ParameterGrid(self.param_grid))
  File "/hpc/users/parikr12/.conda/envs/pressureulcerstudy/lib/python3.11/site-packages/sklearn/model_selection/_search.py", line 997, in evaluate_candidates
    out = parallel(
          ^^^^^^^^^
  File "/hpc/users/parikr12/.conda/envs/pressureulcerstudy/lib/python3.11/site-packages/sklearn/utils/parallel.py", line 82, in __call__
    return super().__call__(iterable_with_config_and_warning_filters)
           ^^^^^^^^^^^^^^^^^^^^^^^^^^^^^^^^^^^^^^^^^^^^^^^^^^^^^^^^^^
  File "/hpc/users/parikr12/.conda/envs/pressureulcerstudy/lib/python3.11/site-packages/joblib/parallel.py", line 2072, in __call__
    return output if self.return_generator else list(output)
                                                ^^^^^^^^^^^^
  File "/hpc/users/parikr12/.conda/envs/pressureulcerstudy/lib/python3.11/site-packages/joblib/parallel.py", line 1682, in _get_outputs
    yield from self._retrieve()
  File "/hpc/users/parikr12/.conda/envs/pressureulcerstudy/lib/python3.11/site-packages/joblib/parallel.py", line 1800, in _retrieve
    time.sleep(0.01)
KeyboardInterrupt
Traceback (most recent call last):
  File "/sc/arion/projects/bedsore_images/Datathon/codedependency/train_and_eval_immune_30.py", line 81, in <module>
    model_results = ml(model_list=model_list, models_and_params=models_and_params)
                    ^^^^^^^^^^^^^^^^^^^^^^^^^^^^^^^^^^^^^^^^^^^^^^^^^^^^^^^^^^^^^^
  File "/sc/arion/projects/bedsore_images/Datathon/codedependency/model_architecture.py", line 192, in __call__
    results = self.grid_pipeline(ML_algo=ML_algo, param_grid=params, is_xgb=is_xgb)
              ^^^^^^^^^^^^^^^^^^^^^^^^^^^^^^^^^^^^^^^^^^^^^^^^^^^^^^^^^^^^^^^^^^^^^
  File "/sc/arion/projects/bedsore_images/Datathon/codedependency/model_architecture.py", line 141, in grid_pipeline
    grid.fit(X_other, y_other)
  File "/hpc/users/parikr12/.conda/envs/pressureulcerstudy/lib/python3.11/site-packages/sklearn/base.py", line 1365, in wrapper
    return fit_method(estimator, *args, **kwargs)
           ^^^^^^^^^^^^^^^^^^^^^^^^^^^^^^^^^^^^^^
  File "/hpc/users/parikr12/.conda/envs/pressureulcerstudy/lib/python3.11/site-packages/sklearn/model_selection/_search.py", line 1051, in fit
    self._run_search(evaluate_candidates)
  File "/hpc/users/parikr12/.conda/envs/pressureulcerstudy/lib/python3.11/site-packages/sklearn/model_selection/_search.py", line 1605, in _run_search
    evaluate_candidates(ParameterGrid(self.param_grid))
  File "/hpc/users/parikr12/.conda/envs/pressureulcerstudy/lib/python3.11/site-packages/sklearn/model_selection/_search.py", line 997, in evaluate_candidates
    out = parallel(
          ^^^^^^^^^
  File "/hpc/users/parikr12/.conda/envs/pressureulcerstudy/lib/python3.11/site-packages/sklearn/utils/parallel.py", line 82, in __call__
    return super().__call__(iterable_with_config_and_warning_filters)
           ^^^^^^^^^^^^^^^^^^^^^^^^^^^^^^^^^^^^^^^^^^^^^^^^^^^^^^^^^^
  File "/hpc/users/parikr12/.conda/envs/pressureulcerstudy/lib/python3.11/site-packages/joblib/parallel.py", line 2072, in __call__
    return output if self.return_generator else list(output)
                                                ^^^^^^^^^^^^
  File "/hpc/users/parikr12/.conda/envs/pressureulcerstudy/lib/python3.11/site-packages/joblib/parallel.py", line 1682, in _get_outputs
    yield from self._retrieve()
  File "/hpc/users/parikr12/.conda/envs/pressureulcerstudy/lib/python3.11/site-packages/joblib/parallel.py", line 1800, in _retrieve
    time.sleep(0.01)
KeyboardInterrupt
Traceback (most recent call last):
  File "/sc/arion/projects/bedsore_images/Datathon/codedependency/train_and_eval_immune.py", line 81, in <module>
    model_results = ml(model_list=model_list, models_and_params=models_and_params)
                    ^^^^^^^^^^^^^^^^^^^^^^^^^^^^^^^^^^^^^^^^^^^^^^^^^^^^^^^^^^^^^^
  File "/sc/arion/projects/bedsore_images/Datathon/codedependency/model_architecture.py", line 192, in __call__
    results = self.grid_pipeline(ML_algo=ML_algo, param_grid=params, is_xgb=is_xgb)
              ^^^^^^^^^^^^^^^^^^^^^^^^^^^^^^^^^^^^^^^^^^^^^^^^^^^^^^^^^^^^^^^^^^^^^
  File "/sc/arion/projects/bedsore_images/Datathon/codedependency/model_architecture.py", line 141, in grid_pipeline
    grid.fit(X_other, y_other)
  File "/hpc/users/parikr12/.conda/envs/pressureulcerstudy/lib/python3.11/site-packages/sklearn/base.py", line 1365, in wrapper
    return fit_method(estimator, *args, **kwargs)
           ^^^^^^^^^^^^^^^^^^^^^^^^^^^^^^^^^^^^^^
  File "/hpc/users/parikr12/.conda/envs/pressureulcerstudy/lib/python3.11/site-packages/sklearn/model_selection/_search.py", line 1051, in fit
    self._run_search(evaluate_candidates)
  File "/hpc/users/parikr12/.conda/envs/pressureulcerstudy/lib/python3.11/site-packages/sklearn/model_selection/_search.py", line 1605, in _run_search
    evaluate_candidates(ParameterGrid(self.param_grid))
  File "/hpc/users/parikr12/.conda/envs/pressureulcerstudy/lib/python3.11/site-packages/sklearn/model_selection/_search.py", line 997, in evaluate_candidates
    out = parallel(
          ^^^^^^^^^
  File "/hpc/users/parikr12/.conda/envs/pressureulcerstudy/lib/python3.11/site-packages/sklearn/utils/parallel.py", line 82, in __call__
    return super().__call__(iterable_with_config_and_warning_filters)
           ^^^^^^^^^^^^^^^^^^^^^^^^^^^^^^^^^^^^^^^^^^^^^^^^^^^^^^^^^^
  File "/hpc/users/parikr12/.conda/envs/pressureulcerstudy/lib/python3.11/site-packages/joblib/parallel.py", line 2072, in __call__
    return output if self.return_generator else list(output)
                                                ^^^^^^^^^^^^
  File "/hpc/users/parikr12/.conda/envs/pressureulcerstudy/lib/python3.11/site-packages/joblib/parallel.py", line 1682, in _get_outputs
    yield from self._retrieve()
  File "/hpc/users/parikr12/.conda/envs/pressureulcerstudy/lib/python3.11/site-packages/joblib/parallel.py", line 1800, in _retrieve
    time.sleep(0.01)
KeyboardInterrupt
