Sender: LSF System <lsfadmin@lg07c07>
Subject: Job 211049531: <#BSUB -P acc_bedsore_images;#BSUB -q gpu;#BSUB -gpu num=1;#BSUB -R a100;#BSUB -R "span[hosts=1]";#BSUB -n 4;#BSUB -R "rusage[mem=16000]";#BSUB -W 12:00;#BSUB -o datathon_train_immune_30.out;#BSUB -e datathon_train_immune_30.err; set -euo pipefail; # Modules;ml purge;ml cuda/11.8.0;ml anaconda3/2024.06; # Conda activate (non-interactive safe);eval "$(conda shell.bash hook)";conda activate pressureulcerstudy; # Ensure CUDA runtime is visible for TF;export LD_LIBRARY_PATH="${CUDA_HOME}/lib64:${LD_LIBRARY_PATH:-}"; # Thread/env knobs;export OMP_NUM_THREADS=1;export MKL_NUM_THREADS=1;export NUMEXPR_NUM_THREADS=1;export TF_NUM_INTEROP_THREADS=1;export TF_NUM_INTRAOP_THREADS=1;export TF_CPP_MIN_LOG_LEVEL=1;export TF_FORCE_GPU_ALLOW_GROWTH=true;export PYTHONUNBUFFERED=1; # Train;python -u train_and_eval_immune_30.py> in cluster <chimera> Exited

Job <#BSUB -P acc_bedsore_images;#BSUB -q gpu;#BSUB -gpu num=1;#BSUB -R a100;#BSUB -R "span[hosts=1]";#BSUB -n 4;#BSUB -R "rusage[mem=16000]";#BSUB -W 12:00;#BSUB -o datathon_train_immune_30.out;#BSUB -e datathon_train_immune_30.err; set -euo pipefail; # Modules;ml purge;ml cuda/11.8.0;ml anaconda3/2024.06; # Conda activate (non-interactive safe);eval "$(conda shell.bash hook)";conda activate pressureulcerstudy; # Ensure CUDA runtime is visible for TF;export LD_LIBRARY_PATH="${CUDA_HOME}/lib64:${LD_LIBRARY_PATH:-}"; # Thread/env knobs;export OMP_NUM_THREADS=1;export MKL_NUM_THREADS=1;export NUMEXPR_NUM_THREADS=1;export TF_NUM_INTEROP_THREADS=1;export TF_NUM_INTRAOP_THREADS=1;export TF_CPP_MIN_LOG_LEVEL=1;export TF_FORCE_GPU_ALLOW_GROWTH=true;export PYTHONUNBUFFERED=1; # Train;python -u train_and_eval_immune_30.py> was submitted from host <li04e01> by user <parikr12> in cluster <chimera> at Sat Nov  8 15:08:54 2025
Job was executed on host(s) <4*lg07c07>, in queue <gpu>, as user <parikr12> in cluster <chimera> at Sat Nov  8 15:08:59 2025
</hpc/users/parikr12> was used as the home directory.
</sc/arion/projects/bedsore_images/Datathon/codedependency> was used as the working directory.
Started at Sat Nov  8 15:08:59 2025
Terminated at Sat Nov  8 15:33:15 2025
Results reported at Sat Nov  8 15:33:15 2025

Your job looked like:

------------------------------------------------------------
# LSBATCH: User input
#BSUB -P acc_bedsore_images
#BSUB -q gpu
#BSUB -gpu num=1
#BSUB -R a100
#BSUB -R "span[hosts=1]"
#BSUB -n 4
#BSUB -R "rusage[mem=16000]"
#BSUB -W 12:00
#BSUB -o datathon_train_immune_30.out
#BSUB -e datathon_train_immune_30.err

set -euo pipefail

# Modules
ml purge
ml cuda/11.8.0
ml anaconda3/2024.06

# Conda activate (non-interactive safe)
eval "$(conda shell.bash hook)"
conda activate pressureulcerstudy

# Ensure CUDA runtime is visible for TF
export LD_LIBRARY_PATH="${CUDA_HOME}/lib64:${LD_LIBRARY_PATH:-}"

# Thread/env knobs
export OMP_NUM_THREADS=1
export MKL_NUM_THREADS=1
export NUMEXPR_NUM_THREADS=1
export TF_NUM_INTEROP_THREADS=1
export TF_NUM_INTRAOP_THREADS=1
export TF_CPP_MIN_LOG_LEVEL=1
export TF_FORCE_GPU_ALLOW_GROWTH=true
export PYTHONUNBUFFERED=1

# Train
python -u train_and_eval_immune_30.py
------------------------------------------------------------

TERM_OWNER: job killed by owner.
Exited with exit code 130.

Resource usage summary:

    CPU time :                                   4202.00 sec.
    Max Memory :                                 654 MB
    Average Memory :                             564.77 MB
    Total Requested Memory :                     64000.00 MB
    Delta Memory :                               63346.00 MB
    Max Swap :                                   -
    Max Processes :                              10
    Max Threads :                                23
    Run time :                                   1456 sec.
    Turnaround time :                            1461 sec.

The output (if any) follows:


>>>Running XGBClassifier(base_score=None, booster=None, callbacks=None,
              colsample_bylevel=None, colsample_bynode=None,
              colsample_bytree=None, device=None, early_stopping_rounds=None,
              enable_categorical=False, eval_metric=None, feature_types=None,
              feature_weights=None, gamma=None, grow_policy=None,
              importance_type=None, interaction_constraints=None,
              learning_rate=0.03, max_bin=None, max_cat_threshold=None,
              max_cat_to_onehot=None, max_delta_step=None, max_depth=None,
              max_leaves=None, min_child_weight=None, missing=nan,
              monotone_constraints=None, multi_strategy=None, n_estimators=1000,
              n_jobs=None, num_parallel_tree=None, ...)
Fitting 5 folds for each of 25 candidates, totalling 125 fits
Grid fit complete
Predictions made
Making results
Results for XGB:
Accuracy: 0.6787
Accuracy improvement over baseline: -19.27%
F1 Score: 0.4131
F1 improvement over baseline: 41314553990610.34%
Recall: 0.7096774193548387
Best parameters: {'model__colsample_bytree': 0.1, 'model__max_depth': 1, 'model__scale_pos_weight': 5.284789644012945}

>>>Running KNeighborsClassifier()
Fitting 5 folds for each of 44 candidates, totalling 220 fits
Grid fit complete
Predictions made
Making results
Results for KNN:
Accuracy: 0.7815
Accuracy improvement over baseline: -7.03%
F1 Score: 0.3511
F1 improvement over baseline: 35114503816793.89%
Recall: 0.3709677419354839
Best parameters: {'model__n_neighbors': 1, 'model__p': 2, 'model__weights': 'uniform'}

>>>Running SVC(kernel='linear', random_state=42)
Fitting 5 folds for each of 18 candidates, totalling 90 fits
Grid fit complete
Predictions made
Making results
Results for SVC Linear:
Accuracy: 0.7995
Accuracy improvement over baseline: -4.89%
F1 Score: 0.3810
F1 improvement over baseline: 38095238095238.09%
Recall: 0.3870967741935484
Best parameters: {'model__C': 10.0, 'model__class_weight': 'balanced'}

>>>Running SVC(random_state=42)
Fitting 5 folds for each of 18 candidates, totalling 90 fits
Grid fit complete
Predictions made
Making results
Results for SVC RBF:
Accuracy: 0.7069
Accuracy improvement over baseline: -15.90%
F1 Score: 0.3596
F1 improvement over baseline: 35955056179775.28%
Recall: 0.5161290322580645
Best parameters: {'model__C': 0.1, 'model__class_weight': 'balanced'}

>>>Running SVC(kernel='poly', random_state=42)
Fitting 5 folds for each of 400 candidates, totalling 2000 fits


PS:

Read file <datathon_train_immune_30.err> for stderr output of this job.

