Sender: LSF System <lsfadmin@lg07c06>
Subject: Job 211048943: <#!/bin/bash; #BSUB -P acc_bedsore_images;#BSUB -q gpu;#BSUB -gpu num=1;#BSUB -R a100;#BSUB -R "span[hosts=1]";#BSUB -n 4;#BSUB -R "rusage[mem=16000]";#BSUB -W 12:00;#BSUB -o datathon_train.out;#BSUB -e datathon_train.err; set -euo pipefail; # Modules;ml purge;ml cuda/11.8.0;ml anaconda3/2024.06; # Conda activate (non-interactive safe);eval "$(conda shell.bash hook)";conda activate pressureulcerstudy; # Ensure CUDA runtime is visible for TF;export LD_LIBRARY_PATH="${CUDA_HOME}/lib64:${LD_LIBRARY_PATH:-}"; # Thread/env knobs;export OMP_NUM_THREADS=1;export MKL_NUM_THREADS=1;export NUMEXPR_NUM_THREADS=1;export TF_NUM_INTEROP_THREADS=1;export TF_NUM_INTRAOP_THREADS=1;export TF_CPP_MIN_LOG_LEVEL=1;export TF_FORCE_GPU_ALLOW_GROWTH=true;export PYTHONUNBUFFERED=1; # Train;python -u train_and_eval.py> in cluster <chimera> Done

Job <#!/bin/bash; #BSUB -P acc_bedsore_images;#BSUB -q gpu;#BSUB -gpu num=1;#BSUB -R a100;#BSUB -R "span[hosts=1]";#BSUB -n 4;#BSUB -R "rusage[mem=16000]";#BSUB -W 12:00;#BSUB -o datathon_train.out;#BSUB -e datathon_train.err; set -euo pipefail; # Modules;ml purge;ml cuda/11.8.0;ml anaconda3/2024.06; # Conda activate (non-interactive safe);eval "$(conda shell.bash hook)";conda activate pressureulcerstudy; # Ensure CUDA runtime is visible for TF;export LD_LIBRARY_PATH="${CUDA_HOME}/lib64:${LD_LIBRARY_PATH:-}"; # Thread/env knobs;export OMP_NUM_THREADS=1;export MKL_NUM_THREADS=1;export NUMEXPR_NUM_THREADS=1;export TF_NUM_INTEROP_THREADS=1;export TF_NUM_INTRAOP_THREADS=1;export TF_CPP_MIN_LOG_LEVEL=1;export TF_FORCE_GPU_ALLOW_GROWTH=true;export PYTHONUNBUFFERED=1; # Train;python -u train_and_eval.py> was submitted from host <li04e01> by user <parikr12> in cluster <chimera> at Sat Nov  8 15:00:39 2025
Job was executed on host(s) <4*lg07c06>, in queue <gpu>, as user <parikr12> in cluster <chimera> at Sat Nov  8 15:00:44 2025
</hpc/users/parikr12> was used as the home directory.
</sc/arion/projects/bedsore_images/Datathon/codedependency> was used as the working directory.
Started at Sat Nov  8 15:00:44 2025
Terminated at Sat Nov  8 15:23:00 2025
Results reported at Sat Nov  8 15:23:00 2025

Your job looked like:

------------------------------------------------------------
# LSBATCH: User input
#!/bin/bash

#BSUB -P acc_bedsore_images
#BSUB -q gpu
#BSUB -gpu num=1
#BSUB -R a100
#BSUB -R "span[hosts=1]"
#BSUB -n 4
#BSUB -R "rusage[mem=16000]"
#BSUB -W 12:00
#BSUB -o datathon_train.out
#BSUB -e datathon_train.err

set -euo pipefail

# Modules
ml purge
ml cuda/11.8.0
ml anaconda3/2024.06

# Conda activate (non-interactive safe)
eval "$(conda shell.bash hook)"
conda activate pressureulcerstudy

# Ensure CUDA runtime is visible for TF
export LD_LIBRARY_PATH="${CUDA_HOME}/lib64:${LD_LIBRARY_PATH:-}"

# Thread/env knobs
export OMP_NUM_THREADS=1
export MKL_NUM_THREADS=1
export NUMEXPR_NUM_THREADS=1
export TF_NUM_INTEROP_THREADS=1
export TF_NUM_INTRAOP_THREADS=1
export TF_CPP_MIN_LOG_LEVEL=1
export TF_FORCE_GPU_ALLOW_GROWTH=true
export PYTHONUNBUFFERED=1

# Train
python -u train_and_eval.py
------------------------------------------------------------

Successfully completed.

Resource usage summary:

    CPU time :                                   4098.00 sec.
    Max Memory :                                 816 MB
    Average Memory :                             751.75 MB
    Total Requested Memory :                     64000.00 MB
    Delta Memory :                               63184.00 MB
    Max Swap :                                   -
    Max Processes :                              10
    Max Threads :                                23
    Run time :                                   1336 sec.
    Turnaround time :                            1341 sec.

The output (if any) follows:


>>>Running XGBClassifier(base_score=None, booster=None, callbacks=None,
              colsample_bylevel=None, colsample_bynode=None,
              colsample_bytree=None, device=None, early_stopping_rounds=None,
              enable_categorical=False, eval_metric=None, feature_types=None,
              feature_weights=None, gamma=None, grow_policy=None,
              importance_type=None, interaction_constraints=None,
              learning_rate=0.03, max_bin=None, max_cat_threshold=None,
              max_cat_to_onehot=None, max_delta_step=None, max_depth=None,
              max_leaves=None, min_child_weight=None, missing=nan,
              monotone_constraints=None, multi_strategy=None, n_estimators=1000,
              n_jobs=None, num_parallel_tree=None, ...)
Fitting 5 folds for each of 100 candidates, totalling 500 fits
Grid fit complete
Predictions made
Making results
Results for XGB:
Accuracy: 0.7866
Accuracy improvement over baseline: -7.83%
F1 Score: 0.4713
F1 improvement over baseline: 47133757961783.44%
Recall: 0.6491228070175439
Best parameters: {'model__colsample_bytree': 0.5, 'model__max_depth': 3, 'model__scale_pos_weight': 15}

>>>Running KNeighborsClassifier()
Fitting 5 folds for each of 44 candidates, totalling 220 fits
Grid fit complete
Predictions made
Making results
Results for KNN:
Accuracy: 0.8355
Accuracy improvement over baseline: -2.11%
F1 Score: 0.3191
F1 improvement over baseline: 31914893617021.28%
Recall: 0.2631578947368421
Best parameters: {'model__n_neighbors': 3, 'model__p': 2, 'model__weights': 'uniform'}

>>>Running SVC(kernel='linear', random_state=42)
Fitting 5 folds for each of 18 candidates, totalling 90 fits
Grid fit complete
Predictions made
Making results
Results for SVC Linear:
Accuracy: 0.7352
Accuracy improvement over baseline: -13.86%
F1 Score: 0.4607
F1 improvement over baseline: 46073298429319.38%
Recall: 0.7719298245614035
Best parameters: {'model__C': 0.1, 'model__class_weight': 'balanced'}

>>>Running SVC(random_state=42)
Fitting 5 folds for each of 18 candidates, totalling 90 fits
Grid fit complete
Predictions made
Making results
Results for SVC RBF:
Accuracy: 0.7789
Accuracy improvement over baseline: -8.73%
F1 Score: 0.4756
F1 improvement over baseline: 47560975609756.09%
Recall: 0.6842105263157895
Best parameters: {'model__C': 1.0, 'model__class_weight': 'balanced'}

>>>Running SVC(kernel='poly', random_state=42)
Fitting 5 folds for each of 640 candidates, totalling 3200 fits
Grid fit complete
Predictions made
Making results
Results for SVC Poly:
Accuracy: 0.7249
Accuracy improvement over baseline: -15.06%
F1 Score: 0.4623
F1 improvement over baseline: 46231155778894.48%
Recall: 0.8070175438596491
Best parameters: {'model__C': 0.1, 'model__class_weight': 'balanced', 'model__coef0': 10.0, 'model__degree': 2, 'model__gamma': 0.01}


PS:

Read file <datathon_train.err> for stderr output of this job.

Sender: LSF System <lsfadmin@lg07c06>
Subject: Job 211051339: <#!/bin/bash; #BSUB -P acc_bedsore_images;#BSUB -q gpu;#BSUB -gpu num=1;#BSUB -R a100;#BSUB -R "span[hosts=1]";#BSUB -n 4;#BSUB -R "rusage[mem=16000]";#BSUB -W 12:00;#BSUB -o datathon_train.out;#BSUB -e datathon_train.err; set -euo pipefail; # Modules;ml purge;ml cuda/11.8.0;ml anaconda3/2024.06; # Conda activate (non-interactive safe);eval "$(conda shell.bash hook)";conda activate pressureulcerstudy; # Ensure CUDA runtime is visible for TF;export LD_LIBRARY_PATH="${CUDA_HOME}/lib64:${LD_LIBRARY_PATH:-}"; # Thread/env knobs;export OMP_NUM_THREADS=1;export MKL_NUM_THREADS=1;export NUMEXPR_NUM_THREADS=1;export TF_NUM_INTEROP_THREADS=1;export TF_NUM_INTRAOP_THREADS=1;export TF_CPP_MIN_LOG_LEVEL=1;export TF_FORCE_GPU_ALLOW_GROWTH=true;export PYTHONUNBUFFERED=1; # Train;python -u train_and_eval.py> in cluster <chimera> Done

Job <#!/bin/bash; #BSUB -P acc_bedsore_images;#BSUB -q gpu;#BSUB -gpu num=1;#BSUB -R a100;#BSUB -R "span[hosts=1]";#BSUB -n 4;#BSUB -R "rusage[mem=16000]";#BSUB -W 12:00;#BSUB -o datathon_train.out;#BSUB -e datathon_train.err; set -euo pipefail; # Modules;ml purge;ml cuda/11.8.0;ml anaconda3/2024.06; # Conda activate (non-interactive safe);eval "$(conda shell.bash hook)";conda activate pressureulcerstudy; # Ensure CUDA runtime is visible for TF;export LD_LIBRARY_PATH="${CUDA_HOME}/lib64:${LD_LIBRARY_PATH:-}"; # Thread/env knobs;export OMP_NUM_THREADS=1;export MKL_NUM_THREADS=1;export NUMEXPR_NUM_THREADS=1;export TF_NUM_INTEROP_THREADS=1;export TF_NUM_INTRAOP_THREADS=1;export TF_CPP_MIN_LOG_LEVEL=1;export TF_FORCE_GPU_ALLOW_GROWTH=true;export PYTHONUNBUFFERED=1; # Train;python -u train_and_eval.py> was submitted from host <li04e01> by user <parikr12> in cluster <chimera> at Sat Nov  8 15:34:28 2025
Job was executed on host(s) <4*lg07c06>, in queue <gpu>, as user <parikr12> in cluster <chimera> at Sat Nov  8 15:34:34 2025
</hpc/users/parikr12> was used as the home directory.
</sc/arion/projects/bedsore_images/Datathon/codedependency> was used as the working directory.
Started at Sat Nov  8 15:34:34 2025
Terminated at Sat Nov  8 15:59:26 2025
Results reported at Sat Nov  8 15:59:26 2025

Your job looked like:

------------------------------------------------------------
# LSBATCH: User input
#!/bin/bash

#BSUB -P acc_bedsore_images
#BSUB -q gpu
#BSUB -gpu num=1
#BSUB -R a100
#BSUB -R "span[hosts=1]"
#BSUB -n 4
#BSUB -R "rusage[mem=16000]"
#BSUB -W 12:00
#BSUB -o datathon_train.out
#BSUB -e datathon_train.err

set -euo pipefail

# Modules
ml purge
ml cuda/11.8.0
ml anaconda3/2024.06

# Conda activate (non-interactive safe)
eval "$(conda shell.bash hook)"
conda activate pressureulcerstudy

# Ensure CUDA runtime is visible for TF
export LD_LIBRARY_PATH="${CUDA_HOME}/lib64:${LD_LIBRARY_PATH:-}"

# Thread/env knobs
export OMP_NUM_THREADS=1
export MKL_NUM_THREADS=1
export NUMEXPR_NUM_THREADS=1
export TF_NUM_INTEROP_THREADS=1
export TF_NUM_INTRAOP_THREADS=1
export TF_CPP_MIN_LOG_LEVEL=1
export TF_FORCE_GPU_ALLOW_GROWTH=true
export PYTHONUNBUFFERED=1

# Train
python -u train_and_eval.py
------------------------------------------------------------

Successfully completed.

Resource usage summary:

    CPU time :                                   4672.00 sec.
    Max Memory :                                 797 MB
    Average Memory :                             747.03 MB
    Total Requested Memory :                     64000.00 MB
    Delta Memory :                               63203.00 MB
    Max Swap :                                   -
    Max Processes :                              10
    Max Threads :                                23
    Run time :                                   1492 sec.
    Turnaround time :                            1498 sec.

The output (if any) follows:


>>>Running XGBClassifier(base_score=None, booster=None, callbacks=None,
              colsample_bylevel=None, colsample_bynode=None,
              colsample_bytree=None, device=None, early_stopping_rounds=None,
              enable_categorical=False, eval_metric=None, feature_types=None,
              feature_weights=None, gamma=None, grow_policy=None,
              importance_type=None, interaction_constraints=None,
              learning_rate=0.03, max_bin=None, max_cat_threshold=None,
              max_cat_to_onehot=None, max_delta_step=None, max_depth=None,
              max_leaves=None, min_child_weight=None, missing=nan,
              monotone_constraints=None, multi_strategy=None, n_estimators=1000,
              n_jobs=None, num_parallel_tree=None, ...)
Fitting 5 folds for each of 100 candidates, totalling 500 fits
Grid fit complete
Predictions made
Making results
Results for XGB:
Accuracy: 0.7763
Accuracy improvement over baseline: -7.65%
F1 Score: 0.5492
F1 improvement over baseline: 54922279792746.11%
Recall: 0.8548387096774194
Best parameters: {'model__colsample_bytree': 0.25, 'model__max_depth': 1, 'model__scale_pos_weight': 8}

>>>Running KNeighborsClassifier()
Fitting 5 folds for each of 44 candidates, totalling 220 fits
Grid fit complete
Predictions made
Making results
Results for KNN:
Accuracy: 0.8021
Accuracy improvement over baseline: -4.59%
F1 Score: 0.2936
F1 improvement over baseline: 29357798165137.62%
Recall: 0.25806451612903225
Best parameters: {'model__n_neighbors': 1, 'model__p': 2, 'model__weights': 'uniform'}

>>>Running SVC(kernel='linear', random_state=42)
Fitting 5 folds for each of 18 candidates, totalling 90 fits
Grid fit complete
Predictions made
Making results
Results for SVC Linear:
Accuracy: 0.7635
Accuracy improvement over baseline: -9.17%
F1 Score: 0.5208
F1 improvement over baseline: 52083333333333.34%
Recall: 0.8064516129032258
Best parameters: {'model__C': 0.1, 'model__class_weight': 'balanced'}

>>>Running SVC(random_state=42)
Fitting 5 folds for each of 18 candidates, totalling 90 fits
Grid fit complete
Predictions made
Making results
Results for SVC RBF:
Accuracy: 0.7866
Accuracy improvement over baseline: -6.42%
F1 Score: 0.5464
F1 improvement over baseline: 54644808743169.41%
Recall: 0.8064516129032258
Best parameters: {'model__C': 1.0, 'model__class_weight': 'balanced'}

>>>Running SVC(kernel='poly', random_state=42)
Fitting 5 folds for each of 640 candidates, totalling 3200 fits
Grid fit complete
Predictions made
Making results
Results for SVC Poly:
Accuracy: 0.7558
Accuracy improvement over baseline: -10.09%
F1 Score: 0.5128
F1 improvement over baseline: 51282051282051.27%
Recall: 0.8064516129032258
Best parameters: {'model__C': 1.0, 'model__class_weight': 'balanced', 'model__coef0': 10.0, 'model__degree': 2, 'model__gamma': 'auto'}


PS:

Read file <datathon_train.err> for stderr output of this job.

